<?xml version="1.0" encoding="UTF-8"?>
<testsuite name="com.code.rest.test.unit.ItemPostTest" time="0.019" tests="1" errors="1" skipped="0" failures="0">
  <properties>
[...]
</properties>
  <testcase name="ItemSuccessfullyPosted" classname="com.code.rest.test.unit.ItemPostTest" time="0.019">
    <error type="java.lang.NullPointerException:">java.lang.NullPointerException: null
	at com.code.rest.test.unit.ItemPostTest.ItemSuccessfullyPosted(ItemPostTest.java:26)
</error>
    <system-out><![CDATA[12:57:05.268 [main] DEBUG org.springframework.test.context.junit4.SpringJUnit4ClassRunner - SpringJUnit4ClassRunner constructor called with [class com.code.rest.test.unit.ItemPostTest]
12:57:05.274 [main] DEBUG org.springframework.test.context.BootstrapUtils - Instantiating CacheAwareContextLoaderDelegate from class [org.springframework.test.context.cache.DefaultCacheAwareContextLoaderDelegate]
12:57:05.283 [main] DEBUG org.springframework.test.context.BootstrapUtils - Instantiating BootstrapContext using constructor [public org.springframework.test.context.support.DefaultBootstrapContext(java.lang.Class,org.springframework.test.context.CacheAwareContextLoaderDelegate)]
12:57:05.303 [main] DEBUG org.springframework.test.context.BootstrapUtils - Instantiating TestContextBootstrapper for test class [com.code.rest.test.unit.ItemPostTest] from class [org.springframework.boot.test.context.SpringBootTestContextBootstrapper]
12:57:05.321 [main] DEBUG org.springframework.test.context.support.AbstractContextLoader - Did not detect default resource location for test class [com.code.rest.test.unit.AbstractFrame]: class path resource [com/code/rest/test/unit/AbstractFrame-context.xml] does not exist
12:57:05.322 [main] DEBUG org.springframework.test.context.support.AbstractContextLoader - Did not detect default resource location for test class [com.code.rest.test.unit.AbstractFrame]: class path resource [com/code/rest/test/unit/AbstractFrameContext.groovy] does not exist
12:57:05.322 [main] INFO org.springframework.test.context.support.AbstractContextLoader - Could not detect default resource locations for test class [com.code.rest.test.unit.AbstractFrame]: no resource found for suffixes {-context.xml, Context.groovy}.
12:57:05.368 [main] DEBUG org.springframework.test.context.support.ActiveProfilesUtils - Could not find an 'annotation declaring class' for annotation type [org.springframework.test.context.ActiveProfiles] and class [com.code.rest.test.unit.ItemPostTest]
12:57:05.394 [main] DEBUG org.springframework.boot.test.context.SpringBootTestContextBootstrapper - @TestExecutionListeners is not present for class [com.code.rest.test.unit.ItemPostTest]: using defaults.
12:57:05.397 [main] INFO org.springframework.boot.test.context.SpringBootTestContextBootstrapper - Loaded default TestExecutionListener class names from location [META-INF/spring.factories]: [org.springframework.boot.test.mock.mockito.MockitoTestExecutionListener, org.springframework.boot.test.mock.mockito.ResetMocksTestExecutionListener, org.springframework.boot.test.autoconfigure.restdocs.RestDocsTestExecutionListener, org.springframework.boot.test.autoconfigure.web.client.MockRestServiceServerResetTestExecutionListener, org.springframework.boot.test.autoconfigure.web.servlet.MockMvcPrintOnlyOnFailureTestExecutionListener, org.springframework.boot.test.autoconfigure.web.servlet.WebDriverTestExecutionListener, org.springframework.test.context.web.ServletTestExecutionListener, org.springframework.test.context.support.DirtiesContextBeforeModesTestExecutionListener, org.springframework.test.context.support.DependencyInjectionTestExecutionListener, org.springframework.test.context.support.DirtiesContextTestExecutionListener, org.springframework.test.context.transaction.TransactionalTestExecutionListener, org.springframework.test.context.jdbc.SqlScriptsTestExecutionListener]
12:57:05.407 [main] INFO org.springframework.boot.test.context.SpringBootTestContextBootstrapper - Could not instantiate TestExecutionListener [org.springframework.test.context.transaction.TransactionalTestExecutionListener]. Specify custom listener classes or make the default listener classes (and their required dependencies) available. Offending class: [org/springframework/transaction/interceptor/TransactionAttributeSource]
12:57:05.412 [main] INFO org.springframework.boot.test.context.SpringBootTestContextBootstrapper - Could not instantiate TestExecutionListener [org.springframework.test.context.jdbc.SqlScriptsTestExecutionListener]. Specify custom listener classes or make the default listener classes (and their required dependencies) available. Offending class: [org/springframework/transaction/interceptor/TransactionAttribute]
12:57:05.413 [main] INFO org.springframework.boot.test.context.SpringBootTestContextBootstrapper - Using TestExecutionListeners: [org.springframework.test.context.web.ServletTestExecutionListener@149494d8, org.springframework.test.context.support.DirtiesContextBeforeModesTestExecutionListener@710726a3, org.springframework.boot.test.autoconfigure.SpringBootDependencyInjectionTestExecutionListener@646007f4, org.springframework.test.context.support.DirtiesContextTestExecutionListener@481a15ff, org.springframework.boot.test.autoconfigure.web.client.MockRestServiceServerResetTestExecutionListener@78186a70, org.springframework.boot.test.autoconfigure.web.servlet.WebDriverTestExecutionListener@306279ee, org.springframework.boot.test.autoconfigure.restdocs.RestDocsTestExecutionListener@545997b1, org.springframework.boot.test.autoconfigure.web.servlet.MockMvcPrintOnlyOnFailureTestExecutionListener@4cf4d528, org.springframework.boot.test.mock.mockito.ResetMocksTestExecutionListener@77846d2c, org.springframework.boot.test.mock.mockito.MockitoTestExecutionListener@548ad73b]
12:57:05.416 [main] DEBUG org.springframework.test.annotation.ProfileValueUtils - Retrieved @ProfileValueSourceConfiguration [null] for test class [com.code.rest.test.unit.ItemPostTest]
12:57:05.416 [main] DEBUG org.springframework.test.annotation.ProfileValueUtils - Retrieved ProfileValueSource type [class org.springframework.test.annotation.SystemProfileValueSource] for class [com.code.rest.test.unit.ItemPostTest]
12:57:05.419 [main] DEBUG org.springframework.test.context.junit4.SpringJUnit4ClassRunner - SpringJUnit4ClassRunner constructor called with [class com.code.rest.test.unit.ItemPostTest]
12:57:05.419 [main] DEBUG org.springframework.test.context.BootstrapUtils - Instantiating CacheAwareContextLoaderDelegate from class [org.springframework.test.context.cache.DefaultCacheAwareContextLoaderDelegate]
12:57:05.419 [main] DEBUG org.springframework.test.context.BootstrapUtils - Instantiating BootstrapContext using constructor [public org.springframework.test.context.support.DefaultBootstrapContext(java.lang.Class,org.springframework.test.context.CacheAwareContextLoaderDelegate)]
12:57:05.419 [main] DEBUG org.springframework.test.context.BootstrapUtils - Instantiating TestContextBootstrapper for test class [com.code.rest.test.unit.ItemPostTest] from class [org.springframework.boot.test.context.SpringBootTestContextBootstrapper]
12:57:05.420 [main] DEBUG org.springframework.test.context.support.AbstractContextLoader - Did not detect default resource location for test class [com.code.rest.test.unit.AbstractFrame]: class path resource [com/code/rest/test/unit/AbstractFrame-context.xml] does not exist
12:57:05.421 [main] DEBUG org.springframework.test.context.support.AbstractContextLoader - Did not detect default resource location for test class [com.code.rest.test.unit.AbstractFrame]: class path resource [com/code/rest/test/unit/AbstractFrameContext.groovy] does not exist
12:57:05.421 [main] INFO org.springframework.test.context.support.AbstractContextLoader - Could not detect default resource locations for test class [com.code.rest.test.unit.AbstractFrame]: no resource found for suffixes {-context.xml, Context.groovy}.
12:57:05.431 [main] DEBUG org.springframework.test.context.support.ActiveProfilesUtils - Could not find an 'annotation declaring class' for annotation type [org.springframework.test.context.ActiveProfiles] and class [com.code.rest.test.unit.ItemPostTest]
12:57:05.434 [main] DEBUG org.springframework.boot.test.context.SpringBootTestContextBootstrapper - @TestExecutionListeners is not present for class [com.code.rest.test.unit.ItemPostTest]: using defaults.
12:57:05.437 [main] INFO org.springframework.boot.test.context.SpringBootTestContextBootstrapper - Loaded default TestExecutionListener class names from location [META-INF/spring.factories]: [org.springframework.boot.test.mock.mockito.MockitoTestExecutionListener, org.springframework.boot.test.mock.mockito.ResetMocksTestExecutionListener, org.springframework.boot.test.autoconfigure.restdocs.RestDocsTestExecutionListener, org.springframework.boot.test.autoconfigure.web.client.MockRestServiceServerResetTestExecutionListener, org.springframework.boot.test.autoconfigure.web.servlet.MockMvcPrintOnlyOnFailureTestExecutionListener, org.springframework.boot.test.autoconfigure.web.servlet.WebDriverTestExecutionListener, org.springframework.test.context.web.ServletTestExecutionListener, org.springframework.test.context.support.DirtiesContextBeforeModesTestExecutionListener, org.springframework.test.context.support.DependencyInjectionTestExecutionListener, org.springframework.test.context.support.DirtiesContextTestExecutionListener, org.springframework.test.context.transaction.TransactionalTestExecutionListener, org.springframework.test.context.jdbc.SqlScriptsTestExecutionListener]
12:57:05.440 [main] INFO org.springframework.boot.test.context.SpringBootTestContextBootstrapper - Could not instantiate TestExecutionListener [org.springframework.test.context.transaction.TransactionalTestExecutionListener]. Specify custom listener classes or make the default listener classes (and their required dependencies) available. Offending class: [org/springframework/transaction/interceptor/TransactionAttributeSource]
12:57:05.441 [main] INFO org.springframework.boot.test.context.SpringBootTestContextBootstrapper - Could not instantiate TestExecutionListener [org.springframework.test.context.jdbc.SqlScriptsTestExecutionListener]. Specify custom listener classes or make the default listener classes (and their required dependencies) available. Offending class: [org/springframework/transaction/interceptor/TransactionAttribute]
12:57:05.441 [main] INFO org.springframework.boot.test.context.SpringBootTestContextBootstrapper - Using TestExecutionListeners: [org.springframework.test.context.web.ServletTestExecutionListener@48a242ce, org.springframework.test.context.support.DirtiesContextBeforeModesTestExecutionListener@1e4a7dd4, org.springframework.boot.test.autoconfigure.SpringBootDependencyInjectionTestExecutionListener@4f51b3e0, org.springframework.test.context.support.DirtiesContextTestExecutionListener@4b9e255, org.springframework.boot.test.autoconfigure.web.client.MockRestServiceServerResetTestExecutionListener@5e57643e, org.springframework.boot.test.autoconfigure.web.servlet.WebDriverTestExecutionListener@133e16fd, org.springframework.boot.test.autoconfigure.restdocs.RestDocsTestExecutionListener@51b279c9, org.springframework.boot.test.autoconfigure.web.servlet.MockMvcPrintOnlyOnFailureTestExecutionListener@1ad282e0, org.springframework.boot.test.mock.mockito.ResetMocksTestExecutionListener@7f416310, org.springframework.boot.test.mock.mockito.MockitoTestExecutionListener@1cab0bfb]
12:57:05.441 [main] DEBUG org.springframework.test.annotation.ProfileValueUtils - Retrieved @ProfileValueSourceConfiguration [null] for test class [com.code.rest.test.unit.ItemPostTest]
12:57:05.441 [main] DEBUG org.springframework.test.annotation.ProfileValueUtils - Retrieved ProfileValueSource type [class org.springframework.test.annotation.SystemProfileValueSource] for class [com.code.rest.test.unit.ItemPostTest]
12:57:05.442 [main] DEBUG org.springframework.test.annotation.ProfileValueUtils - Retrieved @ProfileValueSourceConfiguration [null] for test class [com.code.rest.test.unit.ItemPostTest]
12:57:05.442 [main] DEBUG org.springframework.test.annotation.ProfileValueUtils - Retrieved ProfileValueSource type [class org.springframework.test.annotation.SystemProfileValueSource] for class [com.code.rest.test.unit.ItemPostTest]
12:57:05.446 [main] DEBUG org.springframework.test.context.support.AbstractDirtiesContextTestExecutionListener - Before test class: context [DefaultTestContext@74294adb testClass = ItemPostTest, testInstance = [null], testMethod = [null], testException = [null], mergedContextConfiguration = [WebMergedContextConfiguration@70a9f84e testClass = ItemPostTest, locations = '{}', classes = '{class com.code.rest.Application}', contextInitializerClasses = '[]', activeProfiles = '{}', propertySourceLocations = '{}', propertySourceProperties = '{org.springframework.boot.test.context.SpringBootTestContextBootstrapper=true}', contextCustomizers = set[org.springframework.boot.test.context.ImportsContextCustomizer@90195229, org.springframework.boot.test.context.SpringBootTestContextCustomizer@4bbfb90a, org.springframework.boot.test.context.filter.ExcludeFilterContextCustomizer@5a8806ef, org.springframework.boot.test.mock.mockito.MockitoContextCustomizer@0, org.springframework.boot.test.autoconfigure.properties.PropertyMappingContextCustomizer@e7e8512, org.springframework.boot.test.autoconfigure.web.servlet.WebDriverContextCustomizerFactory$Customizer@4d41cee, org.springframework.test.context.web.socket.MockServerContainerContextCustomizer@33f88ab], resourceBasePath = 'src/main/webapp', contextLoader = 'org.springframework.boot.test.context.SpringBootContextLoader', parent = [null]]], class annotated with @DirtiesContext [false] with mode [null].
12:57:05.447 [main] DEBUG org.springframework.test.annotation.ProfileValueUtils - Retrieved @ProfileValueSourceConfiguration [null] for test class [com.code.rest.test.unit.ItemPostTest]
12:57:05.447 [main] DEBUG org.springframework.test.annotation.ProfileValueUtils - Retrieved ProfileValueSource type [class org.springframework.test.annotation.SystemProfileValueSource] for class [com.code.rest.test.unit.ItemPostTest]
12:57:05.512 [main] DEBUG org.springframework.core.env.StandardEnvironment - Adding [systemProperties] PropertySource with lowest search precedence
12:57:05.513 [main] DEBUG org.springframework.core.env.StandardEnvironment - Adding [systemEnvironment] PropertySource with lowest search precedence
12:57:05.514 [main] DEBUG org.springframework.core.env.StandardEnvironment - Initialized StandardEnvironment with PropertySources [systemProperties,systemEnvironment]
12:57:05.515 [main] DEBUG org.springframework.test.context.support.TestPropertySourceUtils - Adding inlined properties to environment: {spring.jmx.enabled=false, org.springframework.boot.test.context.SpringBootTestContextBootstrapper=true, server.port=-1}
12:57:05.516 [main] DEBUG org.springframework.core.env.StandardEnvironment - Adding [Inlined Test Properties] PropertySource with highest search precedence

  .   ____          _            __ _ _
 /\\ / ___'_ __ _ _(_)_ __  __ _ \ \ \ \
( ( )\___ | '_ | '_| | '_ \/ _` | \ \ \ \
 \\/  ___)| |_)| | | | | || (_| |  ) ) ) )
  '  |____| .__|_| |_|_| |_\__, | / / / /
 =========|_|==============|___/=/_/_/_/
 :: Spring Boot ::        (v1.4.7.RELEASE)

2018-03-07 12:57:06.092  INFO 5922 --- [           main] com.code.rest.test.unit.ItemPostTest     : Starting ItemPostTest on sspierMacBookPro.local with PID 5922 (started by sspier in /Users/sspier/NetBeansProjects/ToDo)
2018-03-07 12:57:06.093  INFO 5922 --- [           main] com.code.rest.test.unit.ItemPostTest     : No active profile set, falling back to default profiles: default
2018-03-07 12:57:06.113  INFO 5922 --- [           main] o.s.w.c.s.GenericWebApplicationContext   : Refreshing org.springframework.web.context.support.GenericWebApplicationContext@5149d738: startup date [Wed Mar 07 12:57:06 EST 2018]; root of context hierarchy
2018-03-07 12:57:07.539  INFO 5922 --- [           main] o.s.b.t.m.w.SpringBootMockServletContext : Initializing Spring FrameworkServlet ''
2018-03-07 12:57:07.539  INFO 5922 --- [           main] o.s.t.web.servlet.TestDispatcherServlet  : FrameworkServlet '': initialization started
2018-03-07 12:57:07.691  INFO 5922 --- [           main] s.w.s.m.m.a.RequestMappingHandlerMapping : Mapped "{[/item],methods=[GET],produces=[application/json]}" onto public org.springframework.http.ResponseEntity<java.util.Collection<com.code.rest.resource.ItemResource>> com.code.rest.controller.ItemController.findAllItems()
2018-03-07 12:57:07.692  INFO 5922 --- [           main] s.w.s.m.m.a.RequestMappingHandlerMapping : Mapped "{[/item/{id}],methods=[DELETE],produces=[application/json]}" onto public org.springframework.http.ResponseEntity<java.lang.Void> com.code.rest.controller.ItemController.deleteItem(java.lang.Long)
2018-03-07 12:57:07.693  INFO 5922 --- [           main] s.w.s.m.m.a.RequestMappingHandlerMapping : Mapped "{[/item/{id}],methods=[GET],produces=[application/json]}" onto public org.springframework.http.ResponseEntity<com.code.rest.resource.ItemResource> com.code.rest.controller.ItemController.findItemById(java.lang.Long)
2018-03-07 12:57:07.694  INFO 5922 --- [           main] s.w.s.m.m.a.RequestMappingHandlerMapping : Mapped "{[/item/{id}],methods=[PATCH],consumes=[application/json],produces=[application/json]}" onto public org.springframework.http.ResponseEntity<com.code.rest.resource.ItemResource> com.code.rest.controller.ItemController.updateItem(java.lang.Long,com.code.rest.domain.Item)
2018-03-07 12:57:07.694  INFO 5922 --- [           main] s.w.s.m.m.a.RequestMappingHandlerMapping : Mapped "{[/item],methods=[POST],consumes=[application/json],produces=[application/json]}" onto public org.springframework.http.ResponseEntity<com.code.rest.resource.ItemResource> com.code.rest.controller.ItemController.createItem(com.code.rest.domain.Item)
2018-03-07 12:57:07.698  INFO 5922 --- [           main] s.w.s.m.m.a.RequestMappingHandlerMapping : Mapped "{[/error]}" onto public org.springframework.http.ResponseEntity<java.util.Map<java.lang.String, java.lang.Object>> org.springframework.boot.autoconfigure.web.BasicErrorController.error(javax.servlet.http.HttpServletRequest)
2018-03-07 12:57:07.699  INFO 5922 --- [           main] s.w.s.m.m.a.RequestMappingHandlerMapping : Mapped "{[/error],produces=[text/html]}" onto public org.springframework.web.servlet.ModelAndView org.springframework.boot.autoconfigure.web.BasicErrorController.errorHtml(javax.servlet.http.HttpServletRequest,javax.servlet.http.HttpServletResponse)
2018-03-07 12:57:07.736  INFO 5922 --- [           main] o.s.w.s.handler.SimpleUrlHandlerMapping  : Mapped URL path [/webjars/**] onto handler of type [class org.springframework.web.servlet.resource.ResourceHttpRequestHandler]
2018-03-07 12:57:07.736  INFO 5922 --- [           main] o.s.w.s.handler.SimpleUrlHandlerMapping  : Mapped URL path [/**] onto handler of type [class org.springframework.web.servlet.resource.ResourceHttpRequestHandler]
2018-03-07 12:57:07.755  INFO 5922 --- [           main] o.s.w.s.handler.SimpleUrlHandlerMapping  : Mapped URL path [/**/favicon.ico] onto handler of type [class org.springframework.web.servlet.resource.ResourceHttpRequestHandler]
2018-03-07 12:57:07.836  INFO 5922 --- [           main] s.w.s.m.m.a.RequestMappingHandlerAdapter : Looking for @ControllerAdvice: org.springframework.web.context.support.GenericWebApplicationContext@5149d738: startup date [Wed Mar 07 12:57:06 EST 2018]; root of context hierarchy
2018-03-07 12:57:07.955  INFO 5922 --- [           main] o.s.t.web.servlet.TestDispatcherServlet  : FrameworkServlet '': initialization completed in 415 ms
2018-03-07 12:57:08.175  INFO 5922 --- [           main] com.code.rest.test.unit.ItemPostTest     : Started ItemPostTest in 2.648 seconds (JVM running for 3.296)
]]></system-out>
  </testcase>
</testsuite>